<?xml version="1.0" encoding="UTF-8"?>
<!-- Generated by org.testng.reporters.JUnitXMLReporter -->
<testsuite ignored="0" hostname="DESKTOP-TNIL84B" failures="0" tests="3" name="Default test" time="150.798" errors="0" timestamp="2023-12-18T18:56:20 GMT-05:00">
  <testcase classname="com.TarlaDalal.allRecipes.SearchAlpha" name="testA1" time="78.618"/>
  <testcase classname="com.TarlaDalal.allRecipes.SearchAlpha" name="testA2" time="67.65"/>
  <testcase classname="com.TarlaDalal.allRecipes.SearchAlpha" name="testC9999" time="0.001"/>
</testsuite> <!-- Default test -->
