<?xml version="1.0" encoding="UTF-8"?>
<testng-results ignored="0" total="2" passed="2" failed="0" skipped="0">
  <reporter-output>
  </reporter-output>
  <suite started-at="2023-12-18T07:52:49 GMT-05:00" name="Default suite" finished-at="2023-12-18T07:54:01 GMT-05:00" duration-ms="72287">
    <groups>
    </groups>
    <test started-at="2023-12-18T07:52:49 GMT-05:00" name="Default test" finished-at="2023-12-18T07:54:01 GMT-05:00" duration-ms="72287">
      <class name="com.TarlaDalal.allRecipes.SearchAlpha">
        <test-method is-config="true" signature="setUp()[pri:0, instance:com.TarlaDalal.allRecipes.SearchAlpha@74235045]" started-at="2023-12-18T07:52:49 GMT-05:00" name="setUp" finished-at="2023-12-18T07:52:52 GMT-05:00" duration-ms="3143" status="PASS">
          <reporter-output>
          </reporter-output>
        </test-method> <!-- setUp -->
        <test-method is-config="true" signature="setUpBeforeClass()[pri:0, instance:com.TarlaDalal.allRecipes.SearchAlpha@74235045]" started-at="2023-12-18T07:52:52 GMT-05:00" name="setUpBeforeClass" finished-at="2023-12-18T07:52:52 GMT-05:00" duration-ms="5" status="PASS">
          <reporter-output>
          </reporter-output>
        </test-method> <!-- setUpBeforeClass -->
        <test-method signature="testA9()[pri:0, instance:com.TarlaDalal.allRecipes.SearchAlpha@74235045]" started-at="2023-12-18T07:52:52 GMT-05:00" name="testA9" finished-at="2023-12-18T07:53:57 GMT-05:00" duration-ms="64552" status="PASS">
          <reporter-output>
          </reporter-output>
        </test-method> <!-- testA9 -->
        <test-method signature="testC9999()[pri:0, instance:com.TarlaDalal.allRecipes.SearchAlpha@74235045]" started-at="2023-12-18T07:53:57 GMT-05:00" name="testC9999" finished-at="2023-12-18T07:54:01 GMT-05:00" duration-ms="4474" status="PASS">
          <reporter-output>
          </reporter-output>
        </test-method> <!-- testC9999 -->
        <test-method is-config="true" signature="tearDownAfterClass()[pri:0, instance:com.TarlaDalal.allRecipes.SearchAlpha@74235045]" started-at="2023-12-18T07:54:01 GMT-05:00" name="tearDownAfterClass" finished-at="2023-12-18T07:54:01 GMT-05:00" duration-ms="0" status="PASS">
          <reporter-output>
          </reporter-output>
        </test-method> <!-- tearDownAfterClass -->
        <test-method is-config="true" signature="tearDown()[pri:0, instance:com.TarlaDalal.allRecipes.SearchAlpha@74235045]" started-at="2023-12-18T07:54:01 GMT-05:00" name="tearDown" finished-at="2023-12-18T07:54:01 GMT-05:00" duration-ms="0" status="PASS">
          <reporter-output>
          </reporter-output>
        </test-method> <!-- tearDown -->
      </class> <!-- com.TarlaDalal.allRecipes.SearchAlpha -->
    </test> <!-- Default test -->
  </suite> <!-- Default suite -->
</testng-results>
