<?xml version="1.0" encoding="UTF-8"?>
<testng-results ignored="0" total="1" passed="1" failed="0" skipped="0">
  <reporter-output>
  </reporter-output>
  <suite started-at="2023-12-16T00:20:01 GMT-05:00" name="Default suite" finished-at="2023-12-16T00:41:53 GMT-05:00" duration-ms="1312650">
    <groups>
    </groups>
    <test started-at="2023-12-16T00:20:01 GMT-05:00" name="Default test" finished-at="2023-12-16T00:41:53 GMT-05:00" duration-ms="1312650">
      <class name="com.TarlaDalal.allRecipes.SearchAlpha">
        <test-method is-config="true" signature="setUp()[pri:0, instance:com.TarlaDalal.allRecipes.SearchAlpha@692f203f]" started-at="2023-12-16T00:20:01 GMT-05:00" name="setUp" finished-at="2023-12-16T00:20:16 GMT-05:00" duration-ms="15165" status="PASS">
          <reporter-output>
          </reporter-output>
        </test-method> <!-- setUp -->
        <test-method is-config="true" signature="setUpBeforeClass()[pri:0, instance:com.TarlaDalal.allRecipes.SearchAlpha@692f203f]" started-at="2023-12-16T00:20:16 GMT-05:00" name="setUpBeforeClass" finished-at="2023-12-16T00:20:16 GMT-05:00" duration-ms="2" status="PASS">
          <reporter-output>
          </reporter-output>
        </test-method> <!-- setUpBeforeClass -->
        <test-method signature="testA1()[pri:0, instance:com.TarlaDalal.allRecipes.SearchAlpha@692f203f]" started-at="2023-12-16T00:20:16 GMT-05:00" name="testA1" finished-at="2023-12-16T00:41:53 GMT-05:00" duration-ms="1297375" status="PASS">
          <reporter-output>
          </reporter-output>
        </test-method> <!-- testA1 -->
        <test-method is-config="true" signature="tearDownAfterClass()[pri:0, instance:com.TarlaDalal.allRecipes.SearchAlpha@692f203f]" started-at="2023-12-16T00:41:53 GMT-05:00" name="tearDownAfterClass" finished-at="2023-12-16T00:41:53 GMT-05:00" duration-ms="2" status="PASS">
          <reporter-output>
          </reporter-output>
        </test-method> <!-- tearDownAfterClass -->
        <test-method is-config="true" signature="tearDown()[pri:0, instance:com.TarlaDalal.allRecipes.SearchAlpha@692f203f]" started-at="2023-12-16T00:41:53 GMT-05:00" name="tearDown" finished-at="2023-12-16T00:41:53 GMT-05:00" duration-ms="1" status="PASS">
          <reporter-output>
          </reporter-output>
        </test-method> <!-- tearDown -->
      </class> <!-- com.TarlaDalal.allRecipes.SearchAlpha -->
    </test> <!-- Default test -->
  </suite> <!-- Default suite -->
</testng-results>
